INFO: [VRFC 10-2263] Analyzing Verilog file "C:/Users/38473/Desktop/cpu_50/cpu.srcs/sources_1/new/ALU.v" into library xil_defaultlib
INFO: [VRFC 10-311] analyzing module ALU
INFO: [VRFC 10-2263] Analyzing Verilog file "C:/Users/38473/Desktop/cpu_50/cpu.srcs/sources_1/new/DECODER.v" into library xil_defaultlib
INFO: [VRFC 10-311] analyzing module DECODER
INFO: [VRFC 10-2263] Analyzing Verilog file "C:/Users/38473/Desktop/cpu_50/cpu.srcs/sources_1/new/DM.v" into library xil_defaultlib
INFO: [VRFC 10-311] analyzing module DM
INFO: [VRFC 10-2263] Analyzing Verilog file "C:/Users/38473/Desktop/cpu_50/cpu.srcs/sources_1/new/DMF.v" into library xil_defaultlib
INFO: [VRFC 10-311] analyzing module DMF
INFO: [VRFC 10-2263] Analyzing Verilog file "C:/Users/38473/Desktop/cpu_50/cpu.srcs/sources_1/new/DM_control.v" into library xil_defaultlib
INFO: [VRFC 10-311] analyzing module DM_control
INFO: [VRFC 10-2263] Analyzing Verilog file "C:/Users/38473/Desktop/cpu_50/cpu.srcs/sources_1/new/DR_ext.v" into library xil_defaultlib
INFO: [VRFC 10-311] analyzing module DR_ext
INFO: [VRFC 10-2263] Analyzing Verilog file "C:/Users/38473/Desktop/cpu_50/cpu.srcs/sources_1/new/EX.v" into library xil_defaultlib
INFO: [VRFC 10-311] analyzing module EX
INFO: [VRFC 10-2263] Analyzing Verilog file "C:/Users/38473/Desktop/cpu_50/cpu.srcs/sources_1/new/EX_control.v" into library xil_defaultlib
INFO: [VRFC 10-311] analyzing module EX_control
INFO: [VRFC 10-2263] Analyzing Verilog file "C:/Users/38473/Desktop/cpu_50/cpu.srcs/sources_1/new/GPR.v" into library xil_defaultlib
INFO: [VRFC 10-311] analyzing module GPR
INFO: [VRFC 10-2263] Analyzing Verilog file "C:/Users/38473/Desktop/cpu_50/cpu.srcs/sources_1/new/ID.v" into library xil_defaultlib
INFO: [VRFC 10-311] analyzing module ID
INFO: [VRFC 10-2458] undeclared symbol imm_s, assumed default net type wire [C:/Users/38473/Desktop/cpu_50/cpu.srcs/sources_1/new/ID.v:105]
INFO: [VRFC 10-2263] Analyzing Verilog file "C:/Users/38473/Desktop/cpu_50/cpu.srcs/sources_1/new/ID_control.v" into library xil_defaultlib
INFO: [VRFC 10-311] analyzing module ID_control
INFO: [VRFC 10-2263] Analyzing Verilog file "C:/Users/38473/Desktop/cpu_50/cpu.srcs/sources_1/new/IF.v" into library xil_defaultlib
INFO: [VRFC 10-311] analyzing module IF
INFO: [VRFC 10-2263] Analyzing Verilog file "C:/Users/38473/Desktop/cpu_50/cpu.srcs/sources_1/new/IM.v" into library xil_defaultlib
INFO: [VRFC 10-311] analyzing module IM
INFO: [VRFC 10-2263] Analyzing Verilog file "C:/Users/38473/Desktop/cpu_50/cpu.srcs/sources_1/new/MUX.v" into library xil_defaultlib
INFO: [VRFC 10-311] analyzing module mux2
INFO: [VRFC 10-311] analyzing module mux3
INFO: [VRFC 10-311] analyzing module mux4
INFO: [VRFC 10-2263] Analyzing Verilog file "C:/Users/38473/Desktop/cpu_50/cpu.srcs/sources_1/new/Mult_A_Div.v" into library xil_defaultlib
INFO: [VRFC 10-311] analyzing module Mult_A_Div
INFO: [VRFC 10-2263] Analyzing Verilog file "C:/Users/38473/Desktop/cpu_50/cpu.srcs/sources_1/new/PC.v" into library xil_defaultlib
INFO: [VRFC 10-311] analyzing module PC
INFO: [VRFC 10-2263] Analyzing Verilog file "C:/Users/38473/Desktop/cpu_50/cpu.srcs/sources_1/new/WB.v" into library xil_defaultlib
INFO: [VRFC 10-311] analyzing module WB
INFO: [VRFC 10-2263] Analyzing Verilog file "C:/Users/38473/Desktop/cpu_50/cpu.srcs/sources_1/new/WB_control.v" into library xil_defaultlib
INFO: [VRFC 10-311] analyzing module WB_control
INFO: [VRFC 10-2263] Analyzing Verilog file "C:/Users/38473/Desktop/cpu_50/cpu.srcs/sources_1/new/Wreg_DM_RF.v" into library xil_defaultlib
INFO: [VRFC 10-311] analyzing module Wreg_DM_RF
INFO: [VRFC 10-2263] Analyzing Verilog file "C:/Users/38473/Desktop/cpu_50/cpu.srcs/sources_1/new/forward_control.v" into library xil_defaultlib
INFO: [VRFC 10-311] analyzing module forward_control
INFO: [VRFC 10-2263] Analyzing Verilog file "C:/Users/38473/Desktop/cpu_50/cpu.srcs/sources_1/new/hazard_decoder.v" into library xil_defaultlib
INFO: [VRFC 10-311] analyzing module hazard_decoder
INFO: [VRFC 10-2458] undeclared symbol addu, assumed default net type wire [C:/Users/38473/Desktop/cpu_50/cpu.srcs/sources_1/new/hazard_decoder.v:32]
INFO: [VRFC 10-2458] undeclared symbol subu, assumed default net type wire [C:/Users/38473/Desktop/cpu_50/cpu.srcs/sources_1/new/hazard_decoder.v:33]
INFO: [VRFC 10-2458] undeclared symbol jr, assumed default net type wire [C:/Users/38473/Desktop/cpu_50/cpu.srcs/sources_1/new/hazard_decoder.v:34]
INFO: [VRFC 10-2458] undeclared symbol add, assumed default net type wire [C:/Users/38473/Desktop/cpu_50/cpu.srcs/sources_1/new/hazard_decoder.v:35]
INFO: [VRFC 10-2458] undeclared symbol AND, assumed default net type wire [C:/Users/38473/Desktop/cpu_50/cpu.srcs/sources_1/new/hazard_decoder.v:36]
INFO: [VRFC 10-2458] undeclared symbol div, assumed default net type wire [C:/Users/38473/Desktop/cpu_50/cpu.srcs/sources_1/new/hazard_decoder.v:37]
INFO: [VRFC 10-2458] undeclared symbol divu, assumed default net type wire [C:/Users/38473/Desktop/cpu_50/cpu.srcs/sources_1/new/hazard_decoder.v:38]
INFO: [VRFC 10-2458] undeclared symbol jalr, assumed default net type wire [C:/Users/38473/Desktop/cpu_50/cpu.srcs/sources_1/new/hazard_decoder.v:39]
INFO: [VRFC 10-2458] undeclared symbol mfhi, assumed default net type wire [C:/Users/38473/Desktop/cpu_50/cpu.srcs/sources_1/new/hazard_decoder.v:40]
INFO: [VRFC 10-2458] undeclared symbol mflo, assumed default net type wire [C:/Users/38473/Desktop/cpu_50/cpu.srcs/sources_1/new/hazard_decoder.v:41]
INFO: [VRFC 10-2458] undeclared symbol mthi, assumed default net type wire [C:/Users/38473/Desktop/cpu_50/cpu.srcs/sources_1/new/hazard_decoder.v:42]
INFO: [VRFC 10-2458] undeclared symbol mtlo, assumed default net type wire [C:/Users/38473/Desktop/cpu_50/cpu.srcs/sources_1/new/hazard_decoder.v:43]
INFO: [VRFC 10-2458] undeclared symbol mult, assumed default net type wire [C:/Users/38473/Desktop/cpu_50/cpu.srcs/sources_1/new/hazard_decoder.v:44]
INFO: [VRFC 10-2458] undeclared symbol multu, assumed default net type wire [C:/Users/38473/Desktop/cpu_50/cpu.srcs/sources_1/new/hazard_decoder.v:45]
INFO: [VRFC 10-2458] undeclared symbol OR, assumed default net type wire [C:/Users/38473/Desktop/cpu_50/cpu.srcs/sources_1/new/hazard_decoder.v:46]
INFO: [VRFC 10-2458] undeclared symbol NOR, assumed default net type wire [C:/Users/38473/Desktop/cpu_50/cpu.srcs/sources_1/new/hazard_decoder.v:47]
INFO: [VRFC 10-2458] undeclared symbol sllv, assumed default net type wire [C:/Users/38473/Desktop/cpu_50/cpu.srcs/sources_1/new/hazard_decoder.v:48]
INFO: [VRFC 10-2458] undeclared symbol sll, assumed default net type wire [C:/Users/38473/Desktop/cpu_50/cpu.srcs/sources_1/new/hazard_decoder.v:49]
INFO: [VRFC 10-2458] undeclared symbol slt, assumed default net type wire [C:/Users/38473/Desktop/cpu_50/cpu.srcs/sources_1/new/hazard_decoder.v:50]
INFO: [VRFC 10-2458] undeclared symbol sltu, assumed default net type wire [C:/Users/38473/Desktop/cpu_50/cpu.srcs/sources_1/new/hazard_decoder.v:51]
INFO: [VRFC 10-2458] undeclared symbol sra, assumed default net type wire [C:/Users/38473/Desktop/cpu_50/cpu.srcs/sources_1/new/hazard_decoder.v:52]
INFO: [VRFC 10-2458] undeclared symbol srav, assumed default net type wire [C:/Users/38473/Desktop/cpu_50/cpu.srcs/sources_1/new/hazard_decoder.v:53]
INFO: [VRFC 10-2458] undeclared symbol srl, assumed default net type wire [C:/Users/38473/Desktop/cpu_50/cpu.srcs/sources_1/new/hazard_decoder.v:54]
INFO: [VRFC 10-2458] undeclared symbol srlv, assumed default net type wire [C:/Users/38473/Desktop/cpu_50/cpu.srcs/sources_1/new/hazard_decoder.v:55]
INFO: [VRFC 10-2458] undeclared symbol sub, assumed default net type wire [C:/Users/38473/Desktop/cpu_50/cpu.srcs/sources_1/new/hazard_decoder.v:56]
INFO: [VRFC 10-2458] undeclared symbol XOR, assumed default net type wire [C:/Users/38473/Desktop/cpu_50/cpu.srcs/sources_1/new/hazard_decoder.v:57]
INFO: [VRFC 10-2458] undeclared symbol addi, assumed default net type wire [C:/Users/38473/Desktop/cpu_50/cpu.srcs/sources_1/new/hazard_decoder.v:58]
INFO: [VRFC 10-2458] undeclared symbol addiu, assumed default net type wire [C:/Users/38473/Desktop/cpu_50/cpu.srcs/sources_1/new/hazard_decoder.v:59]
INFO: [VRFC 10-2458] undeclared symbol andi, assumed default net type wire [C:/Users/38473/Desktop/cpu_50/cpu.srcs/sources_1/new/hazard_decoder.v:60]
INFO: [VRFC 10-2458] undeclared symbol beq, assumed default net type wire [C:/Users/38473/Desktop/cpu_50/cpu.srcs/sources_1/new/hazard_decoder.v:61]
INFO: [VRFC 10-2458] undeclared symbol bgez, assumed default net type wire [C:/Users/38473/Desktop/cpu_50/cpu.srcs/sources_1/new/hazard_decoder.v:62]
INFO: [VRFC 10-2458] undeclared symbol bltz, assumed default net type wire [C:/Users/38473/Desktop/cpu_50/cpu.srcs/sources_1/new/hazard_decoder.v:63]
INFO: [VRFC 10-2458] undeclared symbol bgtz, assumed default net type wire [C:/Users/38473/Desktop/cpu_50/cpu.srcs/sources_1/new/hazard_decoder.v:64]
INFO: [VRFC 10-2458] undeclared symbol blez, assumed default net type wire [C:/Users/38473/Desktop/cpu_50/cpu.srcs/sources_1/new/hazard_decoder.v:65]
INFO: [VRFC 10-2458] undeclared symbol bne, assumed default net type wire [C:/Users/38473/Desktop/cpu_50/cpu.srcs/sources_1/new/hazard_decoder.v:66]
INFO: [VRFC 10-2458] undeclared symbol j, assumed default net type wire [C:/Users/38473/Desktop/cpu_50/cpu.srcs/sources_1/new/hazard_decoder.v:67]
INFO: [VRFC 10-2458] undeclared symbol jal, assumed default net type wire [C:/Users/38473/Desktop/cpu_50/cpu.srcs/sources_1/new/hazard_decoder.v:68]
INFO: [VRFC 10-2458] undeclared symbol lb, assumed default net type wire [C:/Users/38473/Desktop/cpu_50/cpu.srcs/sources_1/new/hazard_decoder.v:69]
INFO: [VRFC 10-2458] undeclared symbol lbu, assumed default net type wire [C:/Users/38473/Desktop/cpu_50/cpu.srcs/sources_1/new/hazard_decoder.v:70]
INFO: [VRFC 10-2458] undeclared symbol lh, assumed default net type wire [C:/Users/38473/Desktop/cpu_50/cpu.srcs/sources_1/new/hazard_decoder.v:71]
INFO: [VRFC 10-2458] undeclared symbol lhu, assumed default net type wire [C:/Users/38473/Desktop/cpu_50/cpu.srcs/sources_1/new/hazard_decoder.v:72]
INFO: [VRFC 10-2458] undeclared symbol lui, assumed default net type wire [C:/Users/38473/Desktop/cpu_50/cpu.srcs/sources_1/new/hazard_decoder.v:73]
INFO: [VRFC 10-2458] undeclared symbol lw, assumed default net type wire [C:/Users/38473/Desktop/cpu_50/cpu.srcs/sources_1/new/hazard_decoder.v:74]
INFO: [VRFC 10-2458] undeclared symbol ori, assumed default net type wire [C:/Users/38473/Desktop/cpu_50/cpu.srcs/sources_1/new/hazard_decoder.v:75]
INFO: [VRFC 10-2458] undeclared symbol sb, assumed default net type wire [C:/Users/38473/Desktop/cpu_50/cpu.srcs/sources_1/new/hazard_decoder.v:76]
INFO: [VRFC 10-2458] undeclared symbol sh, assumed default net type wire [C:/Users/38473/Desktop/cpu_50/cpu.srcs/sources_1/new/hazard_decoder.v:77]
INFO: [VRFC 10-2458] undeclared symbol slti, assumed default net type wire [C:/Users/38473/Desktop/cpu_50/cpu.srcs/sources_1/new/hazard_decoder.v:78]
INFO: [VRFC 10-2458] undeclared symbol sltiu, assumed default net type wire [C:/Users/38473/Desktop/cpu_50/cpu.srcs/sources_1/new/hazard_decoder.v:79]
INFO: [VRFC 10-2458] undeclared symbol sw, assumed default net type wire [C:/Users/38473/Desktop/cpu_50/cpu.srcs/sources_1/new/hazard_decoder.v:80]
INFO: [VRFC 10-2458] undeclared symbol xori, assumed default net type wire [C:/Users/38473/Desktop/cpu_50/cpu.srcs/sources_1/new/hazard_decoder.v:81]
INFO: [VRFC 10-2263] Analyzing Verilog file "C:/Users/38473/Desktop/cpu_50/cpu.srcs/sources_1/new/hazard_decoder_spford.v" into library xil_defaultlib
INFO: [VRFC 10-311] analyzing module hazard_decoder_spford
INFO: [VRFC 10-2458] undeclared symbol addu, assumed default net type wire [C:/Users/38473/Desktop/cpu_50/cpu.srcs/sources_1/new/hazard_decoder_spford.v:36]
INFO: [VRFC 10-2458] undeclared symbol subu, assumed default net type wire [C:/Users/38473/Desktop/cpu_50/cpu.srcs/sources_1/new/hazard_decoder_spford.v:37]
INFO: [VRFC 10-2458] undeclared symbol jr, assumed default net type wire [C:/Users/38473/Desktop/cpu_50/cpu.srcs/sources_1/new/hazard_decoder_spford.v:38]
INFO: [VRFC 10-2458] undeclared symbol add, assumed default net type wire [C:/Users/38473/Desktop/cpu_50/cpu.srcs/sources_1/new/hazard_decoder_spford.v:39]
INFO: [VRFC 10-2458] undeclared symbol AND, assumed default net type wire [C:/Users/38473/Desktop/cpu_50/cpu.srcs/sources_1/new/hazard_decoder_spford.v:40]
INFO: [VRFC 10-2458] undeclared symbol jalr, assumed default net type wire [C:/Users/38473/Desktop/cpu_50/cpu.srcs/sources_1/new/hazard_decoder_spford.v:43]
INFO: [VRFC 10-2458] undeclared symbol OR, assumed default net type wire [C:/Users/38473/Desktop/cpu_50/cpu.srcs/sources_1/new/hazard_decoder_spford.v:50]
INFO: [VRFC 10-2458] undeclared symbol NOR, assumed default net type wire [C:/Users/38473/Desktop/cpu_50/cpu.srcs/sources_1/new/hazard_decoder_spford.v:51]
INFO: [VRFC 10-2458] undeclared symbol sllv, assumed default net type wire [C:/Users/38473/Desktop/cpu_50/cpu.srcs/sources_1/new/hazard_decoder_spford.v:52]
INFO: [VRFC 10-2458] undeclared symbol sll, assumed default net type wire [C:/Users/38473/Desktop/cpu_50/cpu.srcs/sources_1/new/hazard_decoder_spford.v:53]
INFO: [VRFC 10-2458] undeclared symbol slt, assumed default net type wire [C:/Users/38473/Desktop/cpu_50/cpu.srcs/sources_1/new/hazard_decoder_spford.v:54]
INFO: [VRFC 10-2458] undeclared symbol sltu, assumed default net type wire [C:/Users/38473/Desktop/cpu_50/cpu.srcs/sources_1/new/hazard_decoder_spford.v:55]
INFO: [VRFC 10-2458] undeclared symbol sra, assumed default net type wire [C:/Users/38473/Desktop/cpu_50/cpu.srcs/sources_1/new/hazard_decoder_spford.v:56]
INFO: [VRFC 10-2458] undeclared symbol srav, assumed default net type wire [C:/Users/38473/Desktop/cpu_50/cpu.srcs/sources_1/new/hazard_decoder_spford.v:57]
INFO: [VRFC 10-2458] undeclared symbol srl, assumed default net type wire [C:/Users/38473/Desktop/cpu_50/cpu.srcs/sources_1/new/hazard_decoder_spford.v:58]
INFO: [VRFC 10-2458] undeclared symbol srlv, assumed default net type wire [C:/Users/38473/Desktop/cpu_50/cpu.srcs/sources_1/new/hazard_decoder_spford.v:59]
INFO: [VRFC 10-2458] undeclared symbol sub, assumed default net type wire [C:/Users/38473/Desktop/cpu_50/cpu.srcs/sources_1/new/hazard_decoder_spford.v:60]
INFO: [VRFC 10-2458] undeclared symbol XOR, assumed default net type wire [C:/Users/38473/Desktop/cpu_50/cpu.srcs/sources_1/new/hazard_decoder_spford.v:61]
INFO: [VRFC 10-2458] undeclared symbol addi, assumed default net type wire [C:/Users/38473/Desktop/cpu_50/cpu.srcs/sources_1/new/hazard_decoder_spford.v:62]
INFO: [VRFC 10-2458] undeclared symbol addiu, assumed default net type wire [C:/Users/38473/Desktop/cpu_50/cpu.srcs/sources_1/new/hazard_decoder_spford.v:63]
INFO: [VRFC 10-2458] undeclared symbol andi, assumed default net type wire [C:/Users/38473/Desktop/cpu_50/cpu.srcs/sources_1/new/hazard_decoder_spford.v:64]
INFO: [VRFC 10-2458] undeclared symbol beq, assumed default net type wire [C:/Users/38473/Desktop/cpu_50/cpu.srcs/sources_1/new/hazard_decoder_spford.v:65]
INFO: [VRFC 10-2458] undeclared symbol bgez, assumed default net type wire [C:/Users/38473/Desktop/cpu_50/cpu.srcs/sources_1/new/hazard_decoder_spford.v:66]
INFO: [VRFC 10-2458] undeclared symbol bltz, assumed default net type wire [C:/Users/38473/Desktop/cpu_50/cpu.srcs/sources_1/new/hazard_decoder_spford.v:67]
INFO: [VRFC 10-2458] undeclared symbol bgtz, assumed default net type wire [C:/Users/38473/Desktop/cpu_50/cpu.srcs/sources_1/new/hazard_decoder_spford.v:68]
INFO: [VRFC 10-2458] undeclared symbol blez, assumed default net type wire [C:/Users/38473/Desktop/cpu_50/cpu.srcs/sources_1/new/hazard_decoder_spford.v:69]
INFO: [VRFC 10-2458] undeclared symbol bne, assumed default net type wire [C:/Users/38473/Desktop/cpu_50/cpu.srcs/sources_1/new/hazard_decoder_spford.v:70]
INFO: [VRFC 10-2458] undeclared symbol j, assumed default net type wire [C:/Users/38473/Desktop/cpu_50/cpu.srcs/sources_1/new/hazard_decoder_spford.v:71]
INFO: [VRFC 10-2458] undeclared symbol jal, assumed default net type wire [C:/Users/38473/Desktop/cpu_50/cpu.srcs/sources_1/new/hazard_decoder_spford.v:72]
INFO: [VRFC 10-2458] undeclared symbol lb, assumed default net type wire [C:/Users/38473/Desktop/cpu_50/cpu.srcs/sources_1/new/hazard_decoder_spford.v:73]
INFO: [VRFC 10-2458] undeclared symbol lbu, assumed default net type wire [C:/Users/38473/Desktop/cpu_50/cpu.srcs/sources_1/new/hazard_decoder_spford.v:74]
INFO: [VRFC 10-2458] undeclared symbol lh, assumed default net type wire [C:/Users/38473/Desktop/cpu_50/cpu.srcs/sources_1/new/hazard_decoder_spford.v:75]
INFO: [VRFC 10-2458] undeclared symbol lhu, assumed default net type wire [C:/Users/38473/Desktop/cpu_50/cpu.srcs/sources_1/new/hazard_decoder_spford.v:76]
INFO: [VRFC 10-2458] undeclared symbol lui, assumed default net type wire [C:/Users/38473/Desktop/cpu_50/cpu.srcs/sources_1/new/hazard_decoder_spford.v:77]
INFO: [VRFC 10-2458] undeclared symbol lw, assumed default net type wire [C:/Users/38473/Desktop/cpu_50/cpu.srcs/sources_1/new/hazard_decoder_spford.v:78]
INFO: [VRFC 10-2458] undeclared symbol ori, assumed default net type wire [C:/Users/38473/Desktop/cpu_50/cpu.srcs/sources_1/new/hazard_decoder_spford.v:79]
INFO: [VRFC 10-2458] undeclared symbol sb, assumed default net type wire [C:/Users/38473/Desktop/cpu_50/cpu.srcs/sources_1/new/hazard_decoder_spford.v:80]
INFO: [VRFC 10-2458] undeclared symbol sh, assumed default net type wire [C:/Users/38473/Desktop/cpu_50/cpu.srcs/sources_1/new/hazard_decoder_spford.v:81]
INFO: [VRFC 10-2458] undeclared symbol slti, assumed default net type wire [C:/Users/38473/Desktop/cpu_50/cpu.srcs/sources_1/new/hazard_decoder_spford.v:82]
INFO: [VRFC 10-2458] undeclared symbol sltiu, assumed default net type wire [C:/Users/38473/Desktop/cpu_50/cpu.srcs/sources_1/new/hazard_decoder_spford.v:83]
INFO: [VRFC 10-2458] undeclared symbol sw, assumed default net type wire [C:/Users/38473/Desktop/cpu_50/cpu.srcs/sources_1/new/hazard_decoder_spford.v:84]
INFO: [VRFC 10-2458] undeclared symbol xori, assumed default net type wire [C:/Users/38473/Desktop/cpu_50/cpu.srcs/sources_1/new/hazard_decoder_spford.v:85]
INFO: [VRFC 10-2263] Analyzing Verilog file "C:/Users/38473/Desktop/cpu_50/cpu.srcs/sources_1/new/mips.v" into library xil_defaultlib
INFO: [VRFC 10-311] analyzing module mips
INFO: [VRFC 10-2263] Analyzing Verilog file "C:/Users/38473/Desktop/cpu_50/cpu.srcs/sources_1/new/reg_EX_DM.v" into library xil_defaultlib
INFO: [VRFC 10-311] analyzing module Mreg_EX_DM
INFO: [VRFC 10-2263] Analyzing Verilog file "C:/Users/38473/Desktop/cpu_50/cpu.srcs/sources_1/new/reg_ID_EX.v" into library xil_defaultlib
INFO: [VRFC 10-311] analyzing module Ereg_ID_EX
INFO: [VRFC 10-2263] Analyzing Verilog file "C:/Users/38473/Desktop/cpu_50/cpu.srcs/sources_1/new/reg_IF_to_ID.v" into library xil_defaultlib
INFO: [VRFC 10-311] analyzing module Dreg_IF_ID
INFO: [VRFC 10-2263] Analyzing Verilog file "C:/Users/38473/Desktop/cpu_50/cpu.srcs/sources_1/new/stall_control.v" into library xil_defaultlib
INFO: [VRFC 10-311] analyzing module hazard_control
INFO: [VRFC 10-2458] undeclared symbol regwrite_D, assumed default net type wire [C:/Users/38473/Desktop/cpu_50/cpu.srcs/sources_1/new/stall_control.v:57]
INFO: [VRFC 10-2458] undeclared symbol regwrite_E, assumed default net type wire [C:/Users/38473/Desktop/cpu_50/cpu.srcs/sources_1/new/stall_control.v:74]
INFO: [VRFC 10-2458] undeclared symbol regwrite_M, assumed default net type wire [C:/Users/38473/Desktop/cpu_50/cpu.srcs/sources_1/new/stall_control.v:79]
INFO: [VRFC 10-2458] undeclared symbol stall_mad, assumed default net type wire [C:/Users/38473/Desktop/cpu_50/cpu.srcs/sources_1/new/stall_control.v:146]
INFO: [VRFC 10-2263] Analyzing Verilog file "C:/Users/38473/Desktop/cpu_50/cpu.srcs/sim_1/new/test.tb" into library xil_defaultlib
INFO: [VRFC 10-311] analyzing module test
INFO: [VRFC 10-2263] Analyzing Verilog file "C:/Users/38473/Desktop/cpu_50/cpu.sim/sim_1/behav/xsim/glbl.v" into library xil_defaultlib
INFO: [VRFC 10-311] analyzing module glbl
